  Using 'git status' to determine working set for adaptive non-unity build (C:\Users\sethg\Desktop\High Level Development II\W21_GAM1528_NoNameYet).
  Failed to delete file 'C:\Users\sethg\Desktop\High Level Development II\W21_GAM1528_NoNameYet\TowerDefence\Binaries\Win64\UE4Editor-TowerDefence.pdb'
      Exception: The process cannot access the file 'C:\Users\sethg\Desktop\High Level Development II\W21_GAM1528_NoNameYet\TowerDefence\Binaries\Win64\UE4Editor-TowerDefence.pdb' because it is being used by another process.
  Attempting to retry...
  Building TowerDefenceEditor...
  Using Visual Studio 2019 14.22.27905 toolchain (C:\Program Files (x86)\Microsoft Visual Studio\2019\Enterprise\VC\Tools\MSVC\14.22.27905) and Windows 10.0.18362.0 SDK (C:\Program Files (x86)\Windows Kits\10).
  Building 2 actions with 12 processes...
    [1/2] UE4Editor-TowerDefence.dll
       Creating library C:\Users\sethg\Desktop\High Level Development II\W21_GAM1528_NoNameYet\TowerDefence\Intermediate\Build\Win64\UE4Editor\Development\TowerDefence\UE4Editor-TowerDefence.suppressed.lib and object C:\Users\sethg\Desktop\High Level Development II\W21_GAM1528_NoNameYet\TowerDefence\Intermediate\Build\Win64\UE4Editor\Development\TowerDefence\UE4Editor-TowerDefence.suppressed.exp
AIMovementComponent.cpp.obj : error LNK2019: unresolved external symbol "__declspec(dllimport) public: static void __cdecl UAIBlueprintHelperLibrary::SimpleMoveToActor(class AController *,class AActor const *)" (__imp_?SimpleMoveToActor@UAIBlueprintHelperLibrary@@SAXPEAVAController@@PEBVAActor@@@Z) referenced in function "protected: void __cdecl UAIMovementComponent::MoveToNextPatrolPoint(void)" (?MoveToNextPatrolPoint@UAIMovementComponent@@IEAAXXZ)
C:\Users\sethg\Desktop\High Level Development II\W21_GAM1528_NoNameYet\TowerDefence\Binaries\Win64\UE4Editor-TowerDefence.dll : fatal error LNK1120: 1 unresolved externals
C:\Program Files (x86)\Microsoft Visual Studio\2019\Community\MSBuild\Microsoft\VC\v160\Microsoft.MakeFile.Targets(44,5): error MSB3073: The command ""D:\Epic Games Files\UE_4.25\Engine\Build\BatchFiles\Build.bat" TowerDefenceEditor Win64 Development -Project="C:\Users\sethg\Desktop\High Level Development II\W21_GAM1528_NoNameYet\TowerDefence\TowerDefence.uproject" -WaitMutex -FromMsBuild" exited with code 6.
